-------------------------------------------------------------------------------
Test set: com.theserverlabs.test.AppTest
-------------------------------------------------------------------------------
Tests run: 1, Failures: 0, Errors: 1, Skipped: 0, Time elapsed: 0.25 sec <<< FAILURE!
testApp(com.theserverlabs.test.AppTest)  Time elapsed: 0.217 sec  <<< ERROR!
com.sun.jersey.api.client.ClientHandlerException: java.net.ConnectException: Connection refused
	at com.sun.jersey.client.impl.urlconnection.URLConnectionClientHandler.handle(URLConnectionClientHandler.java:193)
	at com.sun.jersey.api.client.Client.handle(Client.java:347)
	at com.sun.jersey.api.client.WebResource.handle(WebResource.java:506)
	at com.sun.jersey.api.client.WebResource.access$200(WebResource.java:68)
	at com.sun.jersey.api.client.WebResource$Builder.get(WebResource.java:400)
	at com.theserverlabs.test.AppTest.testApp(AppTest.java:52)
Caused by: java.net.ConnectException: Connection refused
	at java.net.PlainSocketImpl.socketConnect(Native Method)
	at java.net.PlainSocketImpl.doConnect(PlainSocketImpl.java:351)
	at java.net.PlainSocketImpl.connectToAddress(PlainSocketImpl.java:213)
	at java.net.PlainSocketImpl.connect(PlainSocketImpl.java:200)
	at java.net.SocksSocketImpl.connect(SocksSocketImpl.java:366)
	at java.net.Socket.connect(Socket.java:529)
	at java.net.Socket.connect(Socket.java:478)
	at sun.net.NetworkClient.doConnect(NetworkClient.java:163)
	at sun.net.www.http.HttpClient.openServer(HttpClient.java:395)
	at sun.net.www.http.HttpClient.openServer(HttpClient.java:530)
	at sun.net.www.http.HttpClient.<init>(HttpClient.java:234)
	at sun.net.www.http.HttpClient.New(HttpClient.java:307)
	at sun.net.www.http.HttpClient.New(HttpClient.java:324)
	at sun.net.www.protocol.http.HttpURLConnection.getNewHttpClient(HttpURLConnection.java:970)
	at sun.net.www.protocol.http.HttpURLConnection.plainConnect(HttpURLConnection.java:911)
	at sun.net.www.protocol.http.HttpURLConnection.connect(HttpURLConnection.java:836)
	at sun.net.www.protocol.http.HttpURLConnection.getInputStream(HttpURLConnection.java:1172)
	at java.net.HttpURLConnection.getResponseCode(HttpURLConnection.java:379)
	at com.sun.jersey.client.impl.urlconnection.URLConnectionClientHandler._invoke(URLConnectionClientHandler.java:233)
	at com.sun.jersey.client.impl.urlconnection.URLConnectionClientHandler.handle(URLConnectionClientHandler.java:191)
	... 33 more

